<?xml version="1.0" encoding="UTF-8"?>
<testng-results ignored="0" total="2" passed="1" failed="1" skipped="0">
  <reporter-output>
  </reporter-output>
  <suite started-at="2025-08-04T14:15:57 IST" name="Default suite" finished-at="2025-08-04T14:16:43 IST" duration-ms="45430">
    <groups>
    </groups>
    <test started-at="2025-08-04T14:15:57 IST" name="Default test" finished-at="2025-08-04T14:16:43 IST" duration-ms="45430">
      <class name="org.testing.testscript.TestCase2">
        <test-method is-config="true" signature="beforesuite()[pri:0, instance:org.testing.testscript.TestCase2@4b2bac3f]" started-at="2025-08-04T14:15:57 IST" name="beforesuite" finished-at="2025-08-04T14:15:57 IST" duration-ms="191" status="PASS">
          <reporter-output>
          </reporter-output>
        </test-method> <!-- beforesuite -->
        <test-method is-config="true" signature="beforeMethod()[pri:0, instance:org.testing.testscript.TestCase2@4b2bac3f]" started-at="2025-08-04T14:15:58 IST" name="beforeMethod" finished-at="2025-08-04T14:16:03 IST" duration-ms="5073" status="PASS">
          <reporter-output>
          </reporter-output>
        </test-method> <!-- beforeMethod -->
        <test-method signature="tc2(java.lang.String)[pri:0, instance:org.testing.testscript.TestCase2@4b2bac3f]" started-at="2025-08-04T14:16:03 IST" name="tc2" data-provider="testdata" finished-at="2025-08-04T14:16:13 IST" duration-ms="10040" status="PASS">
          <params>
            <param index="0">
              <value>
                <![CDATA[tshirt]]>
              </value>
            </param>
          </params>
          <reporter-output>
          </reporter-output>
        </test-method> <!-- tc2 -->
        <test-method is-config="true" signature="afterMethod()[pri:0, instance:org.testing.testscript.TestCase2@4b2bac3f]" started-at="2025-08-04T14:16:13 IST" name="afterMethod" finished-at="2025-08-04T14:16:14 IST" duration-ms="161" status="PASS">
          <reporter-output>
          </reporter-output>
        </test-method> <!-- afterMethod -->
        <test-method is-config="true" signature="beforeMethod()[pri:0, instance:org.testing.testscript.TestCase2@4b2bac3f]" started-at="2025-08-04T14:16:14 IST" name="beforeMethod" finished-at="2025-08-04T14:16:17 IST" duration-ms="3847" status="PASS">
          <reporter-output>
          </reporter-output>
        </test-method> <!-- beforeMethod -->
        <test-method signature="tc2(java.lang.String)[pri:0, instance:org.testing.testscript.TestCase2@4b2bac3f]" started-at="2025-08-04T14:16:17 IST" name="tc2" data-provider="testdata" finished-at="2025-08-04T14:16:42 IST" duration-ms="25047" status="FAIL">
          <params>
            <param index="0">
              <value>
                <![CDATA[dddd]]>
              </value>
            </param>
          </params>
          <exception class="java.lang.AssertionError">
            <message>
              <![CDATA[url not matched. expected [https://www.automationexercise.com/products?search=tshirt] but found [https://www.automationexercise.com/products?search=dddd]]]>
            </message>
            <full-stacktrace>
              <![CDATA[java.lang.AssertionError: url not matched. expected [https://www.automationexercise.com/products?search=tshirt] but found [https://www.automationexercise.com/products?search=dddd]
at org.testng.Assert.fail(Assert.java:111)
at org.testng.Assert.failNotEquals(Assert.java:1590)
at org.testng.Assert.assertEqualsImpl(Assert.java:150)
at org.testng.Assert.assertEquals(Assert.java:132)
at org.testng.Assert.assertEquals(Assert.java:656)
at org.testing.assertion.assertionn.varifyUrl(assertionn.java:9)
at org.testing.testscript.TestCase2.tc2(TestCase2.java:77)
at java.base/jdk.internal.reflect.DirectMethodHandleAccessor.invoke(DirectMethodHandleAccessor.java:103)
at java.base/java.lang.reflect.Method.invoke(Method.java:580)
at org.testng.internal.invokers.MethodInvocationHelper.invokeMethod(MethodInvocationHelper.java:141)
at org.testng.internal.invokers.TestInvoker.invokeMethod(TestInvoker.java:687)
at org.testng.internal.invokers.TestInvoker.invokeTestMethod(TestInvoker.java:230)
at org.testng.internal.invokers.MethodRunner.runInSequence(MethodRunner.java:63)
at org.testng.internal.invokers.TestInvoker$MethodInvocationAgent.invoke(TestInvoker.java:995)
at org.testng.internal.invokers.TestInvoker.invokeTestMethods(TestInvoker.java:203)
at org.testng.internal.invokers.TestMethodWorker.invokeTestMethods(TestMethodWorker.java:154)
at org.testng.internal.invokers.TestMethodWorker.run(TestMethodWorker.java:134)
at java.base/java.util.ArrayList.forEach(ArrayList.java:1596)
at org.testng.TestRunner.privateRun(TestRunner.java:741)
at org.testng.TestRunner.run(TestRunner.java:616)
at org.testng.SuiteRunner.runTest(SuiteRunner.java:421)
at org.testng.SuiteRunner.runSequentially(SuiteRunner.java:413)
at org.testng.SuiteRunner.privateRun(SuiteRunner.java:373)
at org.testng.SuiteRunner.run(SuiteRunner.java:312)
at org.testng.SuiteRunnerWorker.runSuite(SuiteRunnerWorker.java:52)
at org.testng.SuiteRunnerWorker.run(SuiteRunnerWorker.java:95)
at org.testng.TestNG.runSuitesSequentially(TestNG.java:1274)
at org.testng.TestNG.runSuitesLocally(TestNG.java:1208)
at org.testng.TestNG.runSuites(TestNG.java:1112)
at org.testng.TestNG.run(TestNG.java:1079)
at org.testng.remote.AbstractRemoteTestNG.run(AbstractRemoteTestNG.java:115)
at org.testng.remote.RemoteTestNG.initAndRun(RemoteTestNG.java:293)
at org.testng.remote.RemoteTestNG.main(RemoteTestNG.java:91)
]]>
            </full-stacktrace>
          </exception> <!-- java.lang.AssertionError -->
          <reporter-output>
          </reporter-output>
        </test-method> <!-- tc2 -->
        <test-method is-config="true" signature="afterMethod()[pri:0, instance:org.testing.testscript.TestCase2@4b2bac3f]" started-at="2025-08-04T14:16:42 IST" name="afterMethod" finished-at="2025-08-04T14:16:43 IST" duration-ms="136" status="PASS">
          <reporter-output>
          </reporter-output>
        </test-method> <!-- afterMethod -->
        <test-method is-config="true" signature="aftersuite()[pri:0, instance:org.testing.testscript.TestCase2@4b2bac3f]" started-at="2025-08-04T14:16:43 IST" name="aftersuite" finished-at="2025-08-04T14:16:43 IST" duration-ms="547" status="PASS">
          <reporter-output>
          </reporter-output>
        </test-method> <!-- aftersuite -->
      </class> <!-- org.testing.testscript.TestCase2 -->
    </test> <!-- Default test -->
  </suite> <!-- Default suite -->
</testng-results>
